<?xml version="1.0" encoding="UTF-8"?>
<testng-results ignored="0" total="2" passed="2" failed="0" skipped="0">
  <reporter-output>
  </reporter-output>
  <suite started-at="2023-07-09T06:06:39Z" name="Default suite" finished-at="2023-07-09T06:06:42Z" duration-ms="2780">
    <groups>
    </groups>
    <test started-at="2023-07-09T06:06:39Z" name="Default test" finished-at="2023-07-09T06:06:42Z" duration-ms="2780">
      <class name="RestAPIXML.XMLTest">
        <test-method signature="test1()[pri:0, instance:RestAPIXML.XMLTest@488d1cd7]" started-at="2023-07-09T06:06:39Z" name="test1" finished-at="2023-07-09T06:06:41Z" duration-ms="1887" status="PASS">
          <reporter-output>
          </reporter-output>
        </test-method> <!-- test1 -->
        <test-method signature="test2()[pri:0, instance:RestAPIXML.XMLTest@488d1cd7]" started-at="2023-07-09T06:06:41Z" name="test2" finished-at="2023-07-09T06:06:42Z" duration-ms="873" status="PASS">
          <reporter-output>
          </reporter-output>
        </test-method> <!-- test2 -->
      </class> <!-- RestAPIXML.XMLTest -->
    </test> <!-- Default test -->
  </suite> <!-- Default suite -->
</testng-results>
